[30-Mar-2017 00:05:11 UTC] PHP Warning:  include(includes/header.html): failed to open stream: No such file or directory in /home/ubuntu/workspace/playground/playground.php on line 5
[30-Mar-2017 00:05:11 UTC] PHP Stack trace:
[30-Mar-2017 00:05:11 UTC] PHP   1. {main}() /home/ubuntu/workspace/playground/playground.php:0
[30-Mar-2017 00:05:11 UTC] PHP Warning:  include(): Failed opening 'includes/header.html' for inclusion (include_path='.:/usr/share/php:/usr/share/pear') in /home/ubuntu/workspace/playground/playground.php on line 5
[30-Mar-2017 00:05:11 UTC] PHP Stack trace:
[30-Mar-2017 00:05:11 UTC] PHP   1. {main}() /home/ubuntu/workspace/playground/playground.php:0
[30-Mar-2017 00:05:11 UTC] PHP Warning:  include(includes/navbar/nav.php): failed to open stream: No such file or directory in /home/ubuntu/workspace/playground/playground.php on line 9
[30-Mar-2017 00:05:11 UTC] PHP Stack trace:
[30-Mar-2017 00:05:11 UTC] PHP   1. {main}() /home/ubuntu/workspace/playground/playground.php:0
[30-Mar-2017 00:05:11 UTC] PHP Warning:  include(): Failed opening 'includes/navbar/nav.php' for inclusion (include_path='.:/usr/share/php:/usr/share/pear') in /home/ubuntu/workspace/playground/playground.php on line 9
[30-Mar-2017 00:05:11 UTC] PHP Stack trace:
[30-Mar-2017 00:05:11 UTC] PHP   1. {main}() /home/ubuntu/workspace/playground/playground.php:0
[30-Mar-2017 10:43:08 UTC] PHP Warning:  include(includes/header.html): failed to open stream: No such file or directory in /home/ubuntu/workspace/OldDesigns/index.php on line 4
[30-Mar-2017 10:43:08 UTC] PHP Stack trace:
[30-Mar-2017 10:43:08 UTC] PHP   1. {main}() /home/ubuntu/workspace/OldDesigns/index.php:0
[30-Mar-2017 10:43:08 UTC] PHP Warning:  include(): Failed opening 'includes/header.html' for inclusion (include_path='.:/usr/share/php:/usr/share/pear') in /home/ubuntu/workspace/OldDesigns/index.php on line 4
[30-Mar-2017 10:43:08 UTC] PHP Stack trace:
[30-Mar-2017 10:43:08 UTC] PHP   1. {main}() /home/ubuntu/workspace/OldDesigns/index.php:0
[30-Mar-2017 10:43:08 UTC] PHP Warning:  include(includes/navbar/nav.php): failed to open stream: No such file or directory in /home/ubuntu/workspace/OldDesigns/index.php on line 8
[30-Mar-2017 10:43:08 UTC] PHP Stack trace:
[30-Mar-2017 10:43:08 UTC] PHP   1. {main}() /home/ubuntu/workspace/OldDesigns/index.php:0
[30-Mar-2017 10:43:08 UTC] PHP Warning:  include(): Failed opening 'includes/navbar/nav.php' for inclusion (include_path='.:/usr/share/php:/usr/share/pear') in /home/ubuntu/workspace/OldDesigns/index.php on line 8
[30-Mar-2017 10:43:08 UTC] PHP Stack trace:
[30-Mar-2017 10:43:08 UTC] PHP   1. {main}() /home/ubuntu/workspace/OldDesigns/index.php:0
